This file contains any messages produced by compilers while
running configure, to aid debugging if configure makes a mistake.

It was created by epdfinfo configure 1.0, which was
generated by GNU Autoconf 2.72.  Invocation command line was

  $ ./configure -q --bindir=/Users/akdeniz/.emacs.d/straight/build/pdf-tools/

## --------- ##
## Platform. ##
## --------- ##

hostname = Yusufs-MacBook-Air.local
uname -m = arm64
uname -r = 24.5.0
uname -s = Darwin
uname -v = Darwin Kernel Version 24.5.0: Tue Apr 22 19:48:46 PDT 2025; root:xnu-11417.121.6~2/RELEASE_ARM64_T8103

/usr/bin/uname -p = arm
/bin/uname -X     = unknown

/bin/arch              = unknown
/usr/bin/arch -k       = unknown
/usr/convex/getsysinfo = unknown
/usr/bin/hostinfo      = Mach kernel version:
	 Darwin Kernel Version 24.5.0: Tue Apr 22 19:48:46 PDT 2025; root:xnu-11417.121.6~2/RELEASE_ARM64_T8103
Kernel configured for up to 8 processors.
8 processors are physically available.
8 processors are logically available.
Processor type: arm64e (ARM64E)
Processors active: 0 1 2 3 4 5 6 7
Primary memory available: 16.00 gigabytes
Default processor set: 766 tasks, 3072 threads, 8 processors
Load average: 3.66, Mach factor: 4.34
/bin/machine           = unknown
/usr/bin/oslevel       = unknown
/bin/universe          = unknown

PATH: /Users/akdeniz/go/bin/
PATH: /Users/akdeniz/.local/bin/
PATH: /Users/akdeniz/.cargo/bin/
PATH: /opt/homebrew/bin/
PATH: /usr/bin/
PATH: /bin/
PATH: /usr/sbin/
PATH: /sbin/
PATH: /usr/local/bin/
PATH: /opt/homebrew/Cellar/emacs-plus@31/31.0.50/libexec/emacs/31.0.50/aarch64-apple-darwin24.3.0/


## ----------- ##
## Core tests. ##
## ----------- ##

configure:2465: looking for aux files: config.guess config.sub ar-lib compile missing install-sh
configure:2478:  trying ./
configure:2507:   ./config.guess found
configure:2507:   ./config.sub found
configure:2507:   ./ar-lib found
configure:2507:   ./compile found
configure:2507:   ./missing found
configure:2489:   ./install-sh found
configure:2637: checking for a BSD-compatible install
configure:2711: result: /opt/homebrew/bin/ginstall -c
configure:2722: checking whether sleep supports fractional seconds
configure:2738: result: yes
configure:2741: checking filesystem timestamp resolution
configure:2876: result: 2
configure:2881: checking whether build environment is sane
configure:2922: result: yes
configure:3093: checking for a race-free mkdir -p
configure:3136: result: /opt/homebrew/bin/gmkdir -p
configure:3143: checking for gawk
configure:3179: result: no
configure:3143: checking for mawk
configure:3179: result: no
configure:3143: checking for nawk
configure:3179: result: no
configure:3143: checking for awk
configure:3164: found /opt/homebrew/bin/awk
configure:3176: result: awk
configure:3187: checking whether make sets $(MAKE)
configure:3211: result: yes
configure:3237: checking whether make supports nested variables
configure:3256: result: yes
configure:3270: checking xargs -n works
configure:3286: result: yes
configure:3452: checking for gcc
configure:3473: found /usr/bin/gcc
configure:3485: result: gcc
configure:3844: checking for C compiler version
configure:3853: gcc --version >&5
Apple clang version 16.0.0 (clang-1600.0.26.3)
Target: arm64-apple-darwin24.5.0
Thread model: posix
InstalledDir: /Applications/Xcode.app/Contents/Developer/Toolchains/XcodeDefault.xctoolchain/usr/bin
configure:3864: $? = 0
configure:3853: gcc -v >&5
Apple clang version 16.0.0 (clang-1600.0.26.3)
Target: arm64-apple-darwin24.5.0
Thread model: posix
InstalledDir: /Applications/Xcode.app/Contents/Developer/Toolchains/XcodeDefault.xctoolchain/usr/bin
configure:3864: $? = 0
configure:3853: gcc -V >&5
clang: error: argument to '-V' is missing (expected 1 value)
clang: error: no input files
configure:3864: $? = 1
configure:3853: gcc -qversion >&5
clang: error: unknown argument '-qversion'; did you mean '--version'?
clang: error: no input files
configure:3864: $? = 1
configure:3853: gcc -version >&5
clang: error: unknown argument '-version'; did you mean '--version'?
clang: error: no input files
configure:3864: $? = 1
configure:3884: checking whether the C compiler works
configure:3906: gcc    conftest.c  >&5
configure:3910: $? = 0
configure:3961: result: yes
configure:3965: checking for C compiler default output file name
configure:3967: result: a.out
configure:3973: checking for suffix of executables
configure:3980: gcc -o conftest    conftest.c  >&5
configure:3984: $? = 0
configure:4008: result: 
configure:4032: checking whether we are cross compiling
configure:4040: gcc -o conftest    conftest.c  >&5
configure:4044: $? = 0
configure:4051: ./conftest
configure:4055: $? = 0
configure:4070: result: no
configure:4076: checking for suffix of object files
configure:4099: gcc -c   conftest.c >&5
configure:4103: $? = 0
configure:4127: result: o
configure:4131: checking whether the compiler supports GNU C
configure:4151: gcc -c   conftest.c >&5
configure:4151: $? = 0
configure:4163: result: yes
configure:4174: checking whether gcc accepts -g
configure:4195: gcc -c -g  conftest.c >&5
configure:4195: $? = 0
configure:4242: result: yes
configure:4262: checking for gcc option to enable C11 features
configure:4277: gcc  -c -g -O2  conftest.c >&5
configure:4277: $? = 0
configure:4296: result: none needed
configure:4420: checking whether gcc understands -c and -o together
configure:4443: gcc -c conftest.c -o conftest2.o
configure:4446: $? = 0
configure:4443: gcc -c conftest.c -o conftest2.o
configure:4446: $? = 0
configure:4459: result: yes
configure:4479: checking whether make supports the include directive
configure:4494: make -f confmf.GNU && cat confinc.out
this is the am__doit target
configure:4497: $? = 0
configure:4516: result: yes (GNU style)
configure:4542: checking dependency style of gcc
configure:4655: result: gcc3
configure:4720: checking for ranlib
configure:4741: found /usr/bin/ranlib
configure:4753: result: ranlib
configure:4832: checking for ar
configure:4853: found /usr/bin/ar
configure:4865: result: ar
configure:4892: checking the archiver (ar) interface
configure:4909: gcc -c -g -O2  conftest.c >&5
configure:4909: $? = 0
configure:4912: ar cr libconftest.a conftest.o >&5
configure:4915: $? = 0
configure:4944: result: ar
configure:5030: checking for pkg-config
configure:5053: found /opt/homebrew/bin/pkg-config
configure:5066: result: /opt/homebrew/bin/pkg-config
configure:5091: checking pkg-config is at least version 0.9.0
configure:5094: result: yes
configure:5107: checking for libpng
configure:5114: $PKG_CONFIG --exists --print-errors "libpng"
configure:5117: $? = 0
configure:5131: $PKG_CONFIG --exists --print-errors "libpng"
configure:5134: $? = 0
configure:5192: result: yes
configure:5198: checking for glib-2.0
configure:5205: $PKG_CONFIG --exists --print-errors "glib-2.0"
configure:5208: $? = 0
configure:5222: $PKG_CONFIG --exists --print-errors "glib-2.0"
configure:5225: $? = 0
configure:5283: result: yes
configure:5289: checking for poppler
configure:5296: $PKG_CONFIG --exists --print-errors "poppler"
configure:5299: $? = 0
configure:5313: $PKG_CONFIG --exists --print-errors "poppler"
configure:5316: $? = 0
configure:5374: result: yes
configure:5380: checking for poppler-glib >= 0.16.0
configure:5387: $PKG_CONFIG --exists --print-errors "poppler-glib >= 0.16.0"
configure:5390: $? = 0
configure:5404: $PKG_CONFIG --exists --print-errors "poppler-glib >= 0.16.0"
configure:5407: $? = 0
configure:5465: result: yes
configure:5470: $PKG_CONFIG --exists --print-errors "poppler-glib >= 0.19.4"
configure:5473: $? = 0
configure:5478: $PKG_CONFIG --exists --print-errors "poppler-glib >= 0.22"
configure:5481: $? = 0
configure:5486: $PKG_CONFIG --exists --print-errors "poppler-glib >= 0.26"
configure:5489: $? = 0
configure:5495: checking for zlib
configure:5502: $PKG_CONFIG --exists --print-errors "zlib"
configure:5505: $? = 0
configure:5519: $PKG_CONFIG --exists --print-errors "zlib"
configure:5522: $? = 0
configure:5580: result: yes
configure:5600: gcc -c -g -O2  conftest.c >&5
conftest.c:13:8: error: unknown type name 'error'
   13 |        error
      |        ^
1 error generated.
configure:5600: $? = 1
configure: failed program was:
| /* confdefs.h */
| #define PACKAGE_NAME "epdfinfo"
| #define PACKAGE_TARNAME "epdfinfo"
| #define PACKAGE_VERSION "1.0"
| #define PACKAGE_STRING "epdfinfo 1.0"
| #define PACKAGE_BUGREPORT "politza@fh-trier.de"
| #define PACKAGE_URL ""
| #define PACKAGE "epdfinfo"
| #define VERSION "1.0"
| /* end confdefs.h.  */
| 
|      #ifndef _WIN32
|        error
|      #endif
| 
| int
| main (void)
| {
| 
|   ;
|   return 0;
| }
configure:5649: checking build system type
configure:5665: result: aarch64-apple-darwin24.5.0
configure:5685: checking host system type
configure:5700: result: aarch64-apple-darwin24.5.0
configure:5725: checking for stdio.h
configure:5725: gcc -c -g -O2  conftest.c >&5
configure:5725: $? = 0
configure:5725: result: yes
configure:5725: checking for stdlib.h
configure:5725: gcc -c -g -O2  conftest.c >&5
configure:5725: $? = 0
configure:5725: result: yes
configure:5725: checking for string.h
configure:5725: gcc -c -g -O2  conftest.c >&5
configure:5725: $? = 0
configure:5725: result: yes
configure:5725: checking for inttypes.h
configure:5725: gcc -c -g -O2  conftest.c >&5
configure:5725: $? = 0
configure:5725: result: yes
configure:5725: checking for stdint.h
configure:5725: gcc -c -g -O2  conftest.c >&5
configure:5725: $? = 0
configure:5725: result: yes
configure:5725: checking for strings.h
configure:5725: gcc -c -g -O2  conftest.c >&5
configure:5725: $? = 0
configure:5725: result: yes
configure:5725: checking for sys/stat.h
configure:5725: gcc -c -g -O2  conftest.c >&5
configure:5725: $? = 0
configure:5725: result: yes
configure:5725: checking for sys/types.h
configure:5725: gcc -c -g -O2  conftest.c >&5
configure:5725: $? = 0
configure:5725: result: yes
configure:5725: checking for unistd.h
configure:5725: gcc -c -g -O2  conftest.c >&5
configure:5725: $? = 0
configure:5725: result: yes
configure:5750: checking for stdlib.h
configure:5750: result: yes
configure:5756: checking for string.h
configure:5756: result: yes
configure:5762: checking for strings.h
configure:5762: result: yes
configure:5768: checking for err.h
configure:5768: gcc -c -g -O2  conftest.c >&5
configure:5768: $? = 0
configure:5768: result: yes
configure:5776: checking for error.h
configure:5799: gcc -c -I/opt/homebrew/Cellar/poppler/25.04.0/include/poppler -I/opt/homebrew/Cellar/poppler/25.04.0/include/poppler/glib -I/opt/homebrew/Cellar/glib/2.84.1/include -I/opt/homebrew/Cellar/glib/2.84.1/include/glib-2.0 -I/opt/homebrew/Cellar/glib/2.84.1/lib/glib-2.0/include -I/opt/homebrew/opt/gettext/include -I/opt/homebrew/Cellar/pcre2/10.45/include -I/Library/Developer/CommandLineTools/SDKs/MacOSX15.sdk/usr/include/ffi -I/opt/homebrew/Cellar/cairo/1.18.4/include/cairo -I/opt/homebrew/Cellar/fontconfig/2.16.0/include -I/opt/homebrew/opt/freetype/include/freetype2 -I/opt/homebrew/opt/libpng/include/libpng16 -I/opt/homebrew/opt/zlib/include -I/opt/homebrew/Cellar/libxext/1.3.6/include -I/opt/homebrew/Cellar/xorgproto/2024.1/include -I/opt/homebrew/Cellar/libxrender/0.9.12/include -I/opt/homebrew/Cellar/libx11/1.8.12/include -I/opt/homebrew/Cellar/libxcb/1.17.0/include -I/opt/homebrew/Cellar/libxau/1.0.12/include -I/opt/homebrew/Cellar/libxdmcp/1.1.5/include -I/opt/homebrew/Cellar/pixman/0.44.2/include/pixman-1 -I/opt/homebrew/Cellar/poppler/25.04.0/include/poppler  conftest.c >&5
conftest.c:29:18: warning: non-portable path to file '<Error.h>'; specified path differs in case from file name on disk [-Wnonportable-include-path]
   29 |         #include <error.h>
      |                  ^~~~~~~~~
      |                  <Error.h>
In file included from conftest.c:29:
/opt/homebrew/Cellar/poppler/25.04.0/include/poppler/error.h:31:10: fatal error: 'cstdarg' file not found
   31 | #include <cstdarg>
      |          ^~~~~~~~~
1 warning and 1 error generated.
configure:5799: $? = 1
configure: failed program was:
| /* confdefs.h */
| #define PACKAGE_NAME "epdfinfo"
| #define PACKAGE_TARNAME "epdfinfo"
| #define PACKAGE_VERSION "1.0"
| #define PACKAGE_STRING "epdfinfo 1.0"
| #define PACKAGE_BUGREPORT "politza@fh-trier.de"
| #define PACKAGE_URL ""
| #define PACKAGE "epdfinfo"
| #define VERSION "1.0"
| #define HAVE_POPPLER_FIND_OPTS 1
| #define HAVE_POPPLER_ANNOT_WRITE 1
| #define HAVE_POPPLER_ANNOT_MARKUP 1
| #define HAVE_STDIO_H 1
| #define HAVE_STDLIB_H 1
| #define HAVE_STRING_H 1
| #define HAVE_INTTYPES_H 1
| #define HAVE_STDINT_H 1
| #define HAVE_STRINGS_H 1
| #define HAVE_SYS_STAT_H 1
| #define HAVE_SYS_TYPES_H 1
| #define HAVE_UNISTD_H 1
| #define STDC_HEADERS 1
| #define HAVE_STDLIB_H 1
| #define HAVE_STRING_H 1
| #define HAVE_STRINGS_H 1
| #define HAVE_ERR_H 1
| /* end confdefs.h.  */
| 
|         #include <error.h>
| 
| int
| main (void)
| {
| error (0, 0, "");
|   ;
|   return 0;
| }
configure:5807: result: no
configure:5821: checking for size_t
configure:5821: gcc -c -g -O2  conftest.c >&5
configure:5821: $? = 0
configure:5821: gcc -c -g -O2  conftest.c >&5
conftest.c:59:21: error: expected expression
   59 | if (sizeof ((size_t)))
      |                     ^
1 error generated.
configure:5821: $? = 1
configure: failed program was:
| /* confdefs.h */
| #define PACKAGE_NAME "epdfinfo"
| #define PACKAGE_TARNAME "epdfinfo"
| #define PACKAGE_VERSION "1.0"
| #define PACKAGE_STRING "epdfinfo 1.0"
| #define PACKAGE_BUGREPORT "politza@fh-trier.de"
| #define PACKAGE_URL ""
| #define PACKAGE "epdfinfo"
| #define VERSION "1.0"
| #define HAVE_POPPLER_FIND_OPTS 1
| #define HAVE_POPPLER_ANNOT_WRITE 1
| #define HAVE_POPPLER_ANNOT_MARKUP 1
| #define HAVE_STDIO_H 1
| #define HAVE_STDLIB_H 1
| #define HAVE_STRING_H 1
| #define HAVE_INTTYPES_H 1
| #define HAVE_STDINT_H 1
| #define HAVE_STRINGS_H 1
| #define HAVE_SYS_STAT_H 1
| #define HAVE_SYS_TYPES_H 1
| #define HAVE_UNISTD_H 1
| #define STDC_HEADERS 1
| #define HAVE_STDLIB_H 1
| #define HAVE_STRING_H 1
| #define HAVE_STRINGS_H 1
| #define HAVE_ERR_H 1
| /* end confdefs.h.  */
| #include <stddef.h>
| #ifdef HAVE_STDIO_H
| # include <stdio.h>
| #endif
| #ifdef HAVE_STDLIB_H
| # include <stdlib.h>
| #endif
| #ifdef HAVE_STRING_H
| # include <string.h>
| #endif
| #ifdef HAVE_INTTYPES_H
| # include <inttypes.h>
| #endif
| #ifdef HAVE_STDINT_H
| # include <stdint.h>
| #endif
| #ifdef HAVE_STRINGS_H
| # include <strings.h>
| #endif
| #ifdef HAVE_SYS_TYPES_H
| # include <sys/types.h>
| #endif
| #ifdef HAVE_SYS_STAT_H
| # include <sys/stat.h>
| #endif
| #ifdef HAVE_UNISTD_H
| # include <unistd.h>
| #endif
| int
| main (void)
| {
| if (sizeof ((size_t)))
| 	    return 0;
|   ;
|   return 0;
| }
configure:5821: result: yes
configure:5832: checking for ssize_t
configure:5832: gcc -c -g -O2  conftest.c >&5
configure:5832: $? = 0
configure:5832: gcc -c -g -O2  conftest.c >&5
conftest.c:59:22: error: expected expression
   59 | if (sizeof ((ssize_t)))
      |                      ^
1 error generated.
configure:5832: $? = 1
configure: failed program was:
| /* confdefs.h */
| #define PACKAGE_NAME "epdfinfo"
| #define PACKAGE_TARNAME "epdfinfo"
| #define PACKAGE_VERSION "1.0"
| #define PACKAGE_STRING "epdfinfo 1.0"
| #define PACKAGE_BUGREPORT "politza@fh-trier.de"
| #define PACKAGE_URL ""
| #define PACKAGE "epdfinfo"
| #define VERSION "1.0"
| #define HAVE_POPPLER_FIND_OPTS 1
| #define HAVE_POPPLER_ANNOT_WRITE 1
| #define HAVE_POPPLER_ANNOT_MARKUP 1
| #define HAVE_STDIO_H 1
| #define HAVE_STDLIB_H 1
| #define HAVE_STRING_H 1
| #define HAVE_INTTYPES_H 1
| #define HAVE_STDINT_H 1
| #define HAVE_STRINGS_H 1
| #define HAVE_SYS_STAT_H 1
| #define HAVE_SYS_TYPES_H 1
| #define HAVE_UNISTD_H 1
| #define STDC_HEADERS 1
| #define HAVE_STDLIB_H 1
| #define HAVE_STRING_H 1
| #define HAVE_STRINGS_H 1
| #define HAVE_ERR_H 1
| /* end confdefs.h.  */
| #include <stddef.h>
| #ifdef HAVE_STDIO_H
| # include <stdio.h>
| #endif
| #ifdef HAVE_STDLIB_H
| # include <stdlib.h>
| #endif
| #ifdef HAVE_STRING_H
| # include <string.h>
| #endif
| #ifdef HAVE_INTTYPES_H
| # include <inttypes.h>
| #endif
| #ifdef HAVE_STDINT_H
| # include <stdint.h>
| #endif
| #ifdef HAVE_STRINGS_H
| # include <strings.h>
| #endif
| #ifdef HAVE_SYS_TYPES_H
| # include <sys/types.h>
| #endif
| #ifdef HAVE_SYS_STAT_H
| # include <sys/stat.h>
| #endif
| #ifdef HAVE_UNISTD_H
| # include <unistd.h>
| #endif
| int
| main (void)
| {
| if (sizeof ((ssize_t)))
| 	    return 0;
|   ;
|   return 0;
| }
configure:5832: result: yes
configure:5843: checking for ptrdiff_t
configure:5843: gcc -c -g -O2  conftest.c >&5
configure:5843: $? = 0
configure:5843: gcc -c -g -O2  conftest.c >&5
conftest.c:59:24: error: expected expression
   59 | if (sizeof ((ptrdiff_t)))
      |                        ^
1 error generated.
configure:5843: $? = 1
configure: failed program was:
| /* confdefs.h */
| #define PACKAGE_NAME "epdfinfo"
| #define PACKAGE_TARNAME "epdfinfo"
| #define PACKAGE_VERSION "1.0"
| #define PACKAGE_STRING "epdfinfo 1.0"
| #define PACKAGE_BUGREPORT "politza@fh-trier.de"
| #define PACKAGE_URL ""
| #define PACKAGE "epdfinfo"
| #define VERSION "1.0"
| #define HAVE_POPPLER_FIND_OPTS 1
| #define HAVE_POPPLER_ANNOT_WRITE 1
| #define HAVE_POPPLER_ANNOT_MARKUP 1
| #define HAVE_STDIO_H 1
| #define HAVE_STDLIB_H 1
| #define HAVE_STRING_H 1
| #define HAVE_INTTYPES_H 1
| #define HAVE_STDINT_H 1
| #define HAVE_STRINGS_H 1
| #define HAVE_SYS_STAT_H 1
| #define HAVE_SYS_TYPES_H 1
| #define HAVE_UNISTD_H 1
| #define STDC_HEADERS 1
| #define HAVE_STDLIB_H 1
| #define HAVE_STRING_H 1
| #define HAVE_STRINGS_H 1
| #define HAVE_ERR_H 1
| /* end confdefs.h.  */
| #include <stddef.h>
| #ifdef HAVE_STDIO_H
| # include <stdio.h>
| #endif
| #ifdef HAVE_STDLIB_H
| # include <stdlib.h>
| #endif
| #ifdef HAVE_STRING_H
| # include <string.h>
| #endif
| #ifdef HAVE_INTTYPES_H
| # include <inttypes.h>
| #endif
| #ifdef HAVE_STDINT_H
| # include <stdint.h>
| #endif
| #ifdef HAVE_STRINGS_H
| # include <strings.h>
| #endif
| #ifdef HAVE_SYS_TYPES_H
| # include <sys/types.h>
| #endif
| #ifdef HAVE_SYS_STAT_H
| # include <sys/stat.h>
| #endif
| #ifdef HAVE_UNISTD_H
| # include <unistd.h>
| #endif
| int
| main (void)
| {
| if (sizeof ((ptrdiff_t)))
| 	    return 0;
|   ;
|   return 0;
| }
configure:5843: result: yes
configure:5852: checking whether byte ordering is bigendian
configure:5868: gcc -c -g -O2  conftest.c >&5
configure:5868: $? = 0
configure:5914: gcc -c -g -O2  conftest.c >&5
configure:5914: $? = 0
configure:5933: gcc -c -g -O2  conftest.c >&5
conftest.c:36:4: error: use of undeclared identifier 'not'
   36 |                  not big endian
      |                  ^
1 error generated.
configure:5933: $? = 1
configure: failed program was:
| /* confdefs.h */
| #define PACKAGE_NAME "epdfinfo"
| #define PACKAGE_TARNAME "epdfinfo"
| #define PACKAGE_VERSION "1.0"
| #define PACKAGE_STRING "epdfinfo 1.0"
| #define PACKAGE_BUGREPORT "politza@fh-trier.de"
| #define PACKAGE_URL ""
| #define PACKAGE "epdfinfo"
| #define VERSION "1.0"
| #define HAVE_POPPLER_FIND_OPTS 1
| #define HAVE_POPPLER_ANNOT_WRITE 1
| #define HAVE_POPPLER_ANNOT_MARKUP 1
| #define HAVE_STDIO_H 1
| #define HAVE_STDLIB_H 1
| #define HAVE_STRING_H 1
| #define HAVE_INTTYPES_H 1
| #define HAVE_STDINT_H 1
| #define HAVE_STRINGS_H 1
| #define HAVE_SYS_STAT_H 1
| #define HAVE_SYS_TYPES_H 1
| #define HAVE_UNISTD_H 1
| #define STDC_HEADERS 1
| #define HAVE_STDLIB_H 1
| #define HAVE_STRING_H 1
| #define HAVE_STRINGS_H 1
| #define HAVE_ERR_H 1
| #define HAVE_PTRDIFF_T 1
| /* end confdefs.h.  */
| #include <sys/types.h>
| 		#include <sys/param.h>
| 
| int
| main (void)
| {
| #if BYTE_ORDER != BIG_ENDIAN
| 		 not big endian
| 		#endif
| 
|   ;
|   return 0;
| }
configure:6074: result: no
configure:6094: checking for error_at_line
configure:6111: gcc -o conftest -g -O2   conftest.c  >&5
conftest.c:29:10: fatal error: 'error.h' file not found
   29 | #include <error.h>
      |          ^~~~~~~~~
1 error generated.
configure:6111: $? = 1
configure: failed program was:
| /* confdefs.h */
| #define PACKAGE_NAME "epdfinfo"
| #define PACKAGE_TARNAME "epdfinfo"
| #define PACKAGE_VERSION "1.0"
| #define PACKAGE_STRING "epdfinfo 1.0"
| #define PACKAGE_BUGREPORT "politza@fh-trier.de"
| #define PACKAGE_URL ""
| #define PACKAGE "epdfinfo"
| #define VERSION "1.0"
| #define HAVE_POPPLER_FIND_OPTS 1
| #define HAVE_POPPLER_ANNOT_WRITE 1
| #define HAVE_POPPLER_ANNOT_MARKUP 1
| #define HAVE_STDIO_H 1
| #define HAVE_STDLIB_H 1
| #define HAVE_STRING_H 1
| #define HAVE_INTTYPES_H 1
| #define HAVE_STDINT_H 1
| #define HAVE_STRINGS_H 1
| #define HAVE_SYS_STAT_H 1
| #define HAVE_SYS_TYPES_H 1
| #define HAVE_UNISTD_H 1
| #define STDC_HEADERS 1
| #define HAVE_STDLIB_H 1
| #define HAVE_STRING_H 1
| #define HAVE_STRINGS_H 1
| #define HAVE_ERR_H 1
| #define HAVE_PTRDIFF_T 1
| /* end confdefs.h.  */
| #include <error.h>
| int
| main (void)
| {
| error_at_line (0, 0, "", 0, "an error occurred");
|   ;
|   return 0;
| }
configure:6122: result: no
configure:6133: checking for working strtod
configure:6173: gcc -o conftest -g -O2   conftest.c  >&5
configure:6173: $? = 0
configure:6173: ./conftest
configure:6173: $? = 0
configure:6187: result: yes
configure:6259: checking for strcspn
configure:6259: gcc -o conftest -g -O2   conftest.c  >&5
conftest.c:45:6: warning: incompatible redeclaration of library function 'strcspn' [-Wincompatible-library-redeclaration]
   45 | char strcspn (void);
      |      ^
conftest.c:45:6: note: 'strcspn' is a builtin with type 'unsigned long (const char *, const char *)'
1 warning generated.
configure:6259: $? = 0
configure:6259: result: yes
configure:6265: checking for strtol
configure:6265: gcc -o conftest -g -O2   conftest.c  >&5
conftest.c:46:6: warning: incompatible redeclaration of library function 'strtol' [-Wincompatible-library-redeclaration]
   46 | char strtol (void);
      |      ^
conftest.c:46:6: note: 'strtol' is a builtin with type 'long (const char *, char **, int)'
1 warning generated.
configure:6265: $? = 0
configure:6265: result: yes
configure:6271: checking for getline
configure:6271: gcc -o conftest -g -O2   conftest.c  >&5
configure:6271: $? = 0
configure:6271: result: yes
configure:6390: checking that generated files are newer than configure
configure:6396: result: done
configure:6436: creating ./config.status

## ---------------------- ##
## Running config.status. ##
## ---------------------- ##

This file was extended by epdfinfo config.status 1.0, which was
generated by GNU Autoconf 2.72.  Invocation command line was

  CONFIG_FILES    = 
  CONFIG_HEADERS  = 
  CONFIG_LINKS    = 
  CONFIG_COMMANDS = 
  $ ./config.status --quiet

on Yusufs-MacBook-Air.local

config.status:897: creating Makefile
config.status:897: creating config.h
config.status:1126: executing depfiles commands
config.status:1203: cd .       && sed -e '/# am--include-marker/d' Makefile         | make -f - am--depfiles
config.status:1208: $? = 0

## ---------------- ##
## Cache variables. ##
## ---------------- ##

ac_cv_build=aarch64-apple-darwin24.5.0
ac_cv_c_bigendian=no
ac_cv_c_compiler_gnu=yes
ac_cv_env_CC_set=
ac_cv_env_CC_value=
ac_cv_env_CFLAGS_set=
ac_cv_env_CFLAGS_value=
ac_cv_env_CPPFLAGS_set=
ac_cv_env_CPPFLAGS_value=
ac_cv_env_LDFLAGS_set=
ac_cv_env_LDFLAGS_value=
ac_cv_env_LIBS_set=
ac_cv_env_LIBS_value=
ac_cv_env_PKG_CONFIG_LIBDIR_set=
ac_cv_env_PKG_CONFIG_LIBDIR_value=
ac_cv_env_PKG_CONFIG_PATH_set=set
ac_cv_env_PKG_CONFIG_PATH_value=:/opt/homebrew/opt/libffi/lib/pkgconfig/:/opt/homebrew/opt/zlib/lib/pkgconfig/:/opt/homebrew/opt/glib/lib/pkgconfig/
ac_cv_env_PKG_CONFIG_set=
ac_cv_env_PKG_CONFIG_value=
ac_cv_env_build_alias_set=
ac_cv_env_build_alias_value=
ac_cv_env_glib_CFLAGS_set=
ac_cv_env_glib_CFLAGS_value=
ac_cv_env_glib_LIBS_set=
ac_cv_env_glib_LIBS_value=
ac_cv_env_host_alias_set=
ac_cv_env_host_alias_value=
ac_cv_env_png_CFLAGS_set=
ac_cv_env_png_CFLAGS_value=
ac_cv_env_png_LIBS_set=
ac_cv_env_png_LIBS_value=
ac_cv_env_poppler_CFLAGS_set=
ac_cv_env_poppler_CFLAGS_value=
ac_cv_env_poppler_LIBS_set=
ac_cv_env_poppler_LIBS_value=
ac_cv_env_poppler_glib_CFLAGS_set=
ac_cv_env_poppler_glib_CFLAGS_value=
ac_cv_env_poppler_glib_LIBS_set=
ac_cv_env_poppler_glib_LIBS_value=
ac_cv_env_target_alias_set=
ac_cv_env_target_alias_value=
ac_cv_env_zlib_CFLAGS_set=
ac_cv_env_zlib_CFLAGS_value=
ac_cv_env_zlib_LIBS_set=
ac_cv_env_zlib_LIBS_value=
ac_cv_func_getline=yes
ac_cv_func_strcspn=yes
ac_cv_func_strtod=yes
ac_cv_func_strtol=yes
ac_cv_header_err_h=yes
ac_cv_header_inttypes_h=yes
ac_cv_header_stdint_h=yes
ac_cv_header_stdio_h=yes
ac_cv_header_stdlib_h=yes
ac_cv_header_string_h=yes
ac_cv_header_strings_h=yes
ac_cv_header_sys_stat_h=yes
ac_cv_header_sys_types_h=yes
ac_cv_header_unistd_h=yes
ac_cv_host=aarch64-apple-darwin24.5.0
ac_cv_lib_error_at_line=no
ac_cv_objext=o
ac_cv_path_ac_pt_PKG_CONFIG=/opt/homebrew/bin/pkg-config
ac_cv_path_install='/opt/homebrew/bin/ginstall -c'
ac_cv_path_mkdir=/opt/homebrew/bin/gmkdir
ac_cv_prog_AWK=awk
ac_cv_prog_ac_ct_AR=ar
ac_cv_prog_ac_ct_CC=gcc
ac_cv_prog_ac_ct_RANLIB=ranlib
ac_cv_prog_cc_c11=
ac_cv_prog_cc_g=yes
ac_cv_prog_cc_stdc=
ac_cv_prog_make_make_set=yes
ac_cv_type_ptrdiff_t=yes
ac_cv_type_size_t=yes
ac_cv_type_ssize_t=yes
am_cv_CC_dependencies_compiler_type=gcc3
am_cv_ar_interface=ar
am_cv_filesystem_timestamp_resolution=2
am_cv_make_support_nested_variables=yes
am_cv_prog_cc_c_o=yes
am_cv_sleep_fractional_seconds=yes
am_cv_xargs_n_works=yes
pkg_cv_glib_CFLAGS='-I/opt/homebrew/Cellar/glib/2.84.1/include/glib-2.0 -I/opt/homebrew/Cellar/glib/2.84.1/lib/glib-2.0/include -I/opt/homebrew/opt/gettext/include -I/opt/homebrew/Cellar/pcre2/10.45/include'
pkg_cv_glib_LIBS='-L/opt/homebrew/Cellar/glib/2.84.1/lib -lglib-2.0 -L/opt/homebrew/opt/gettext/lib -lintl'
pkg_cv_png_CFLAGS='-I/opt/homebrew/opt/libpng/include/libpng16 -I/opt/homebrew/opt/zlib/include'
pkg_cv_png_LIBS='-L/opt/homebrew/opt/libpng/lib -lpng16'
pkg_cv_poppler_CFLAGS=-I/opt/homebrew/Cellar/poppler/25.04.0/include/poppler
pkg_cv_poppler_LIBS='-L/opt/homebrew/Cellar/poppler/25.04.0/lib -lpoppler'
pkg_cv_poppler_glib_CFLAGS='-I/opt/homebrew/Cellar/poppler/25.04.0/include/poppler/glib -I/opt/homebrew/Cellar/glib/2.84.1/include -I/opt/homebrew/Cellar/glib/2.84.1/include/glib-2.0 -I/opt/homebrew/Cellar/glib/2.84.1/lib/glib-2.0/include -I/opt/homebrew/opt/gettext/include -I/opt/homebrew/Cellar/pcre2/10.45/include -I/Library/Developer/CommandLineTools/SDKs/MacOSX15.sdk/usr/include/ffi -I/opt/homebrew/Cellar/cairo/1.18.4/include/cairo -I/opt/homebrew/Cellar/fontconfig/2.16.0/include -I/opt/homebrew/opt/freetype/include/freetype2 -I/opt/homebrew/opt/libpng/include/libpng16 -I/opt/homebrew/opt/zlib/include -I/opt/homebrew/Cellar/libxext/1.3.6/include -I/opt/homebrew/Cellar/xorgproto/2024.1/include -I/opt/homebrew/Cellar/libxrender/0.9.12/include -I/opt/homebrew/Cellar/libx11/1.8.12/include -I/opt/homebrew/Cellar/libxcb/1.17.0/include -I/opt/homebrew/Cellar/libxau/1.0.12/include -I/opt/homebrew/Cellar/libxdmcp/1.1.5/include -I/opt/homebrew/Cellar/pixman/0.44.2/include/pixman-1 -I/opt/homebrew/Cellar/poppler/25.04.0/include/poppler'
pkg_cv_poppler_glib_LIBS='-L/opt/homebrew/Cellar/poppler/25.04.0/lib -lpoppler-glib -L/opt/homebrew/Cellar/glib/2.84.1/lib -lgobject-2.0 -lglib-2.0 -L/opt/homebrew/opt/gettext/lib -lintl -L/opt/homebrew/Cellar/cairo/1.18.4/lib -lcairo'
pkg_cv_zlib_CFLAGS=-I/opt/homebrew/opt/zlib/include
pkg_cv_zlib_LIBS='-L/opt/homebrew/opt/zlib/lib -lz'

## ----------------- ##
## Output variables. ##
## ----------------- ##

ACLOCAL='${SHELL} '\''/Users/akdeniz/.emacs.d/straight/build/pdf-tools/build/server/missing'\'' aclocal-1.17'
AMDEPBACKSLASH='\'
AMDEP_FALSE='#'
AMDEP_TRUE=''
AMTAR='$${TAR-tar}'
AM_BACKSLASH='\'
AM_DEFAULT_V='$(AM_DEFAULT_VERBOSITY)'
AM_DEFAULT_VERBOSITY='1'
AM_V='$(V)'
AR='ar'
AUTOCONF='${SHELL} '\''/Users/akdeniz/.emacs.d/straight/build/pdf-tools/build/server/missing'\'' autoconf'
AUTOHEADER='${SHELL} '\''/Users/akdeniz/.emacs.d/straight/build/pdf-tools/build/server/missing'\'' autoheader'
AUTOMAKE='${SHELL} '\''/Users/akdeniz/.emacs.d/straight/build/pdf-tools/build/server/missing'\'' automake-1.17'
AWK='awk'
CC='gcc'
CCDEPMODE='depmode=gcc3'
CFLAGS='-g -O2'
CPPFLAGS=''
CSCOPE='cscope'
CTAGS='ctags'
CYGPATH_W='echo'
DEFS='-DHAVE_CONFIG_H'
DEPDIR='.deps'
ECHO_C='\c'
ECHO_N=''
ECHO_T=''
ETAGS='etags'
EXEEXT=''
HAVE_W32_FALSE=''
HAVE_W32_TRUE='#'
INSTALL_DATA='${INSTALL} -m 644'
INSTALL_PROGRAM='${INSTALL}'
INSTALL_SCRIPT='${INSTALL}'
INSTALL_STRIP_PROGRAM='$(install_sh) -c -s'
LDFLAGS=''
LIBOBJS=' ${LIBOBJDIR}error$U.o'
LIBS=''
LTLIBOBJS=' ${LIBOBJDIR}error$U.lo'
MAKEINFO='${SHELL} '\''/Users/akdeniz/.emacs.d/straight/build/pdf-tools/build/server/missing'\'' makeinfo'
MKDIR_P='/opt/homebrew/bin/gmkdir -p'
OBJEXT='o'
PACKAGE='epdfinfo'
PACKAGE_BUGREPORT='politza@fh-trier.de'
PACKAGE_NAME='epdfinfo'
PACKAGE_STRING='epdfinfo 1.0'
PACKAGE_TARNAME='epdfinfo'
PACKAGE_URL=''
PACKAGE_VERSION='1.0'
PATH_SEPARATOR=':'
PKG_CONFIG='/opt/homebrew/bin/pkg-config'
PKG_CONFIG_LIBDIR=''
PKG_CONFIG_PATH=':/opt/homebrew/opt/libffi/lib/pkgconfig/:/opt/homebrew/opt/zlib/lib/pkgconfig/:/opt/homebrew/opt/glib/lib/pkgconfig/'
POW_LIB=''
RANLIB='ranlib'
SET_MAKE=''
SHELL='/bin/sh'
STRIP=''
VERSION='1.0'
ac_ct_AR='ar'
ac_ct_CC='gcc'
am__EXEEXT_FALSE=''
am__EXEEXT_TRUE='#'
am__fastdepCC_FALSE='#'
am__fastdepCC_TRUE=''
am__include='include'
am__isrc=''
am__leading_dot='.'
am__nodep='_no'
am__quote=''
am__rm_f_notfound=''
am__tar='$${TAR-tar} chof - "$$tardir"'
am__untar='$${TAR-tar} xf -'
am__xargs_n='xargs -n'
bindir='/Users/akdeniz/.emacs.d/straight/build/pdf-tools'
build='aarch64-apple-darwin24.5.0'
build_alias=''
build_cpu='aarch64'
build_os='darwin24.5.0'
build_vendor='apple'
datadir='${datarootdir}'
datarootdir='${prefix}/share'
docdir='${datarootdir}/doc/${PACKAGE_TARNAME}'
dvidir='${docdir}'
exec_prefix='${prefix}'
glib_CFLAGS='-I/opt/homebrew/Cellar/glib/2.84.1/include/glib-2.0 -I/opt/homebrew/Cellar/glib/2.84.1/lib/glib-2.0/include -I/opt/homebrew/opt/gettext/include -I/opt/homebrew/Cellar/pcre2/10.45/include'
glib_LIBS='-L/opt/homebrew/Cellar/glib/2.84.1/lib -lglib-2.0 -L/opt/homebrew/opt/gettext/lib -lintl'
host='aarch64-apple-darwin24.5.0'
host_alias=''
host_cpu='aarch64'
host_os='darwin24.5.0'
host_vendor='apple'
htmldir='${docdir}'
includedir='${prefix}/include'
infodir='${datarootdir}/info'
install_sh='${SHELL} /Users/akdeniz/.emacs.d/straight/build/pdf-tools/build/server/install-sh'
libdir='${exec_prefix}/lib'
libexecdir='${exec_prefix}/libexec'
localedir='${datarootdir}/locale'
localstatedir='${prefix}/var'
mandir='${datarootdir}/man'
mkdir_p='$(MKDIR_P)'
oldincludedir='/usr/include'
pdfdir='${docdir}'
png_CFLAGS='-I/opt/homebrew/opt/libpng/include/libpng16 -I/opt/homebrew/opt/zlib/include'
png_LIBS='-L/opt/homebrew/opt/libpng/lib -lpng16'
poppler_CFLAGS='-I/opt/homebrew/Cellar/poppler/25.04.0/include/poppler'
poppler_LIBS='-L/opt/homebrew/Cellar/poppler/25.04.0/lib -lpoppler'
poppler_glib_CFLAGS='-I/opt/homebrew/Cellar/poppler/25.04.0/include/poppler/glib -I/opt/homebrew/Cellar/glib/2.84.1/include -I/opt/homebrew/Cellar/glib/2.84.1/include/glib-2.0 -I/opt/homebrew/Cellar/glib/2.84.1/lib/glib-2.0/include -I/opt/homebrew/opt/gettext/include -I/opt/homebrew/Cellar/pcre2/10.45/include -I/Library/Developer/CommandLineTools/SDKs/MacOSX15.sdk/usr/include/ffi -I/opt/homebrew/Cellar/cairo/1.18.4/include/cairo -I/opt/homebrew/Cellar/fontconfig/2.16.0/include -I/opt/homebrew/opt/freetype/include/freetype2 -I/opt/homebrew/opt/libpng/include/libpng16 -I/opt/homebrew/opt/zlib/include -I/opt/homebrew/Cellar/libxext/1.3.6/include -I/opt/homebrew/Cellar/xorgproto/2024.1/include -I/opt/homebrew/Cellar/libxrender/0.9.12/include -I/opt/homebrew/Cellar/libx11/1.8.12/include -I/opt/homebrew/Cellar/libxcb/1.17.0/include -I/opt/homebrew/Cellar/libxau/1.0.12/include -I/opt/homebrew/Cellar/libxdmcp/1.1.5/include -I/opt/homebrew/Cellar/pixman/0.44.2/include/pixman-1 -I/opt/homebrew/Cellar/poppler/25.04.0/include/poppler'
poppler_glib_LIBS='-L/opt/homebrew/Cellar/poppler/25.04.0/lib -lpoppler-glib -L/opt/homebrew/Cellar/glib/2.84.1/lib -lgobject-2.0 -lglib-2.0 -L/opt/homebrew/opt/gettext/lib -lintl -L/opt/homebrew/Cellar/cairo/1.18.4/lib -lcairo'
prefix='/usr/local'
program_transform_name='s,x,x,'
psdir='${docdir}'
runstatedir='${localstatedir}/run'
sbindir='${exec_prefix}/sbin'
sharedstatedir='${prefix}/com'
sysconfdir='${prefix}/etc'
target_alias=''
zlib_CFLAGS='-I/opt/homebrew/opt/zlib/include'
zlib_LIBS='-L/opt/homebrew/opt/zlib/lib -lz'

## ----------- ##
## confdefs.h. ##
## ----------- ##

/* confdefs.h */
#define PACKAGE_NAME "epdfinfo"
#define PACKAGE_TARNAME "epdfinfo"
#define PACKAGE_VERSION "1.0"
#define PACKAGE_STRING "epdfinfo 1.0"
#define PACKAGE_BUGREPORT "politza@fh-trier.de"
#define PACKAGE_URL ""
#define PACKAGE "epdfinfo"
#define VERSION "1.0"
#define HAVE_POPPLER_FIND_OPTS 1
#define HAVE_POPPLER_ANNOT_WRITE 1
#define HAVE_POPPLER_ANNOT_MARKUP 1
#define HAVE_STDIO_H 1
#define HAVE_STDLIB_H 1
#define HAVE_STRING_H 1
#define HAVE_INTTYPES_H 1
#define HAVE_STDINT_H 1
#define HAVE_STRINGS_H 1
#define HAVE_SYS_STAT_H 1
#define HAVE_SYS_TYPES_H 1
#define HAVE_UNISTD_H 1
#define STDC_HEADERS 1
#define HAVE_STDLIB_H 1
#define HAVE_STRING_H 1
#define HAVE_STRINGS_H 1
#define HAVE_ERR_H 1
#define HAVE_PTRDIFF_T 1
#define HAVE_STRCSPN 1
#define HAVE_STRTOL 1
#define HAVE_GETLINE 1

configure: exit 0
